<?xml version="1.0" encoding="UTF-8"?>
<!-- Generated by org.testng.reporters.JUnitReportReporter -->
<testsuite hostname="DESKTOP-8RHQQ3P" failures="0" tests="3" name="TestCase.All_Login" time="52.468" errors="0" timestamp="2023-12-22T11:21:25 IST" skipped="0">
  <testcase classname="TestCase.All_Login" name="All_Login" time="16.000"/>
  <testcase classname="TestCase.All_Login" name="All_Login" time="22.351"/>
  <testcase classname="TestCase.All_Login" name="All_Login" time="14.117"/>
</testsuite> <!-- TestCase.All_Login -->
