<?xml version="1.0" encoding="UTF-8"?>
<!-- Generated by org.testng.reporters.JUnitReportReporter -->
<testsuite hostname="DESKTOP-8RHQQ3P" failures="0" tests="1" name="TestCase.SS_Tc_Login" time="22.843" errors="0" timestamp="13 Dec 2023 05:07:44 GMT" skipped="0">
  <testcase classname="TestCase.SS_Tc_Login" name="Tc_SS_Login" time="22.843"/>
</testsuite> <!-- TestCase.SS_Tc_Login -->
